Arguments: 
  /home/roberto/.asdf/installs/nodejs/12.6.0/bin/node /home/roberto/.asdf/installs/yarn/1.19.1/bin/yarn.js add @babel/core @babel-preset-env @babel/preset-react webpack webpack-cli

PATH: 
  /home/roberto/.asdf/installs/nodejs/12.6.0/bin:/home/roberto/.asdf/installs/nodejs/12.6.0/.npm/bin:/home/roberto/.asdf/installs/yarn/1.19.1/bin:/home/roberto/.asdf/shims:/home/roberto/.asdf/bin:/home/roberto/.asdf/installs/nodejs/12.6.0/.npm/bin:/home/roberto/.asdf/installs/nodejs/12.6.0/.npm/bin:/home/roberto/.local/share/umake/bin:/usr/local/bin:/usr/local/sbin:/home/roberto/.local/bin:/usr/sbin:/usr/bin:/sbin:/bin:/usr/games:/usr/local/games:/snap/bin:/usr/lib/jvm/java-12-oracle/bin:/usr/lib/jvm/java-12-oracle/db/bin:/home/roberto/.rvm/bin:/home/roberto/bin:/home/roberto/.apps:/home/roberto/node_modules/bin:/home/roberto/.config/composer/vendor/bin:/home/roberto/.config/yarn/global/node_modules/.bin:/home/roberto/bin:/home/roberto/.apps:/home/roberto/node_modules/bin:/home/roberto/.config/composer/vendor/bin:/home/roberto/.config/yarn/global/node_modules/.bin

Yarn version: 
  1.19.1

Node version: 
  12.6.0

Platform: 
  linux x64

Trace: 
  Error: https://registry.yarnpkg.com/@babel-preset-env: Request "https://registry.yarnpkg.com/@babel-preset-env" returned a 405
      at Request.params.callback [as _callback] (/home/roberto/.asdf/installs/yarn/1.19.1/lib/cli.js:66935:18)
      at Request.self.callback (/home/roberto/.asdf/installs/yarn/1.19.1/lib/cli.js:140564:22)
      at Request.emit (events.js:203:13)
      at Request.<anonymous> (/home/roberto/.asdf/installs/yarn/1.19.1/lib/cli.js:141536:10)
      at Request.emit (events.js:203:13)
      at IncomingMessage.<anonymous> (/home/roberto/.asdf/installs/yarn/1.19.1/lib/cli.js:141458:12)
      at Object.onceWrapper (events.js:291:20)
      at IncomingMessage.emit (events.js:208:15)
      at endReadableNT (_stream_readable.js:1154:12)
      at processTicksAndRejections (internal/process/task_queues.js:77:11)

npm manifest: 
  {
    "name": "modulo3",
    "version": "1.0.0",
    "main": "index.js",
    "license": "MIT"
  }

yarn manifest: 
  No manifest

Lockfile: 
  No lockfile
